[2025-05-29 11:41:07] Linux Hardening Script Started
[2025-05-29 11:41:07] All modules completed.
[2025-05-29 11:41:17] Linux Hardening Script Started
[2025-05-29 11:41:17] All modules completed.
[2025-05-29 11:42:02] Linux Hardening Script Started
[2025-05-29 11:42:02] All modules completed.
[2025-05-29 11:43:50] Linux Hardening Script Started
[2025-05-29 11:43:54] All modules completed.
[2025-05-29 12:09:48] Linux Hardening Script Started
[2025-05-29 12:09:48] Starting ssh module...
[2025-05-29 12:09:48] ssh module completed successfully.
[2025-05-29 12:09:48] Starting ufw module...
[2025-05-29 12:09:48] ufw module completed successfully.
[2025-05-29 12:09:48] Starting fail2ban module...
[2025-05-29 12:09:48] fail2ban module completed successfully.
[2025-05-29 12:09:48] Starting permissions module...
[2025-05-29 12:09:48] permissions module finished with errors.
[2025-05-29 12:09:48] Starting service module...
[2025-05-29 12:09:48] service module completed successfully.
[2025-05-29 12:09:48] All modules completed.
[2025-05-29 12:11:41] Linux Hardening Script Started
[2025-05-29 12:11:41] Starting ssh module...
[2025-05-29 12:11:41] ssh module completed successfully.
[2025-05-29 12:11:41] Starting ufw module...
[2025-05-29 12:11:41] ufw module completed successfully.
[2025-05-29 12:11:41] Starting fail2ban module...
[2025-05-29 12:11:41] fail2ban module completed successfully.
[2025-05-29 12:11:41] permission module not found in config.
[2025-05-29 12:11:41] Starting service module...
[2025-05-29 12:11:41] service module completed successfully.
[2025-05-29 12:11:41] All modules completed.
[2025-05-29 12:12:53] Linux Hardening Script Started
[2025-05-29 12:12:53] Starting ssh module...
[2025-05-29 12:12:53] ssh module completed successfully.
[2025-05-29 12:12:53] Starting ufw module...
[2025-05-29 12:12:53] ufw module completed successfully.
[2025-05-29 12:12:53] Starting fail2ban module...
[2025-05-29 12:12:53] fail2ban module completed successfully.
[2025-05-29 12:12:53] Starting permission module...
[2025-05-29 12:12:53] permission module completed successfully.
[2025-05-29 12:12:53] Starting service module...
[2025-05-29 12:12:53] service module completed successfully.
[2025-05-29 12:12:53] All modules completed.
[2025-05-29 12:42:20] Linux Hardening Script Started
[2025-05-29 12:42:20] Starting ssh module...
[2025-05-29 12:42:20] ssh module completed successfully.
[2025-05-29 12:42:20] Starting ufw module...
[2025-05-29 12:42:20] ufw module completed successfully.
[2025-05-29 12:42:20] Starting fail2ban module...
[2025-05-29 12:42:20] fail2ban module completed successfully.
[2025-05-29 12:42:20] Starting permission module...
[2025-05-29 12:42:20] permission module completed successfully.
[2025-05-29 12:42:20] Starting service module...
[2025-05-29 12:42:20] service module completed successfully.
[2025-05-29 12:42:20] All modules completed.
[2025-05-29 12:47:21] Linux Hardening Script Started
[2025-05-29 12:47:21] Starting ssh module...
[2025-05-29 12:47:21] ssh module completed successfully.
[2025-05-29 12:47:21] Starting ufw module...
[2025-05-29 12:47:21] ufw module completed successfully.
[2025-05-29 12:47:21] Starting fail2ban module...
[2025-05-29 12:47:21] fail2ban module completed successfully.
[2025-05-29 12:47:21] permissions module not found in config.
[2025-05-29 12:47:21] Starting service module...
[2025-05-29 12:47:21] service module completed successfully.
[2025-05-29 12:47:21] All modules completed.
[2025-05-29 12:48:41] Linux Hardening Script Started
[2025-05-29 12:48:41] Starting ssh module...
[2025-05-29 12:48:41] ssh module completed successfully.
[2025-05-29 12:48:41] Starting ufw module...
[2025-05-29 12:48:41] ufw module completed successfully.
[2025-05-29 12:48:41] Starting fail2ban module...
[2025-05-29 12:48:41] fail2ban module completed successfully.
[2025-05-29 12:48:41] permissions module not found in config.
[2025-05-29 12:48:41] Starting service module...
[2025-05-29 12:48:41] service module completed successfully.
[2025-05-29 12:48:41] All modules completed.
[2025-05-29 12:49:56] Linux Hardening Script Started
[2025-05-29 12:49:56] Starting ssh module...
[2025-05-29 12:49:56] ssh module completed successfully.
[2025-05-29 12:49:56] Starting ufw module...
[2025-05-29 12:49:56] ufw module completed successfully.
[2025-05-29 12:49:56] Starting fail2ban module...
[2025-05-29 12:49:56] fail2ban module completed successfully.
[2025-05-29 12:49:56] Starting permissions module...
[2025-05-29 12:49:56] permissions module completed successfully.
[2025-05-29 12:49:56] Starting service module...
[2025-05-29 12:49:56] service module completed successfully.
[2025-05-29 12:49:56] All modules completed.
[2025-05-29 12:53:17] Linux Hardening Script Started
[2025-05-29 12:53:17] Starting ssh module...
[2025-05-29 12:53:17] ssh module completed successfully.
[2025-05-29 12:53:17] Starting ufw module...
[2025-05-29 12:53:17] ufw module completed successfully.
[2025-05-29 12:53:17] Starting fail2ban module...
[2025-05-29 12:53:17] fail2ban module completed successfully.
[2025-05-29 12:53:17] Starting permissions module...
[2025-05-29 12:53:17] permissions module completed successfully.
[2025-05-29 12:53:17] Starting service module...
[2025-05-29 12:53:17] service module completed successfully.
[2025-05-29 12:53:17] All modules completed.
