[2025-05-29 11:43:50] Starting ufw module...
UFW Firewall Hardening Started...
Backing up 'user.rules' to '/etc/ufw/user.rules.20250529_114352'
Backing up 'before.rules' to '/etc/ufw/before.rules.20250529_114352'
Backing up 'after.rules' to '/etc/ufw/after.rules.20250529_114352'
Backing up 'user6.rules' to '/etc/ufw/user6.rules.20250529_114352'
Backing up 'before6.rules' to '/etc/ufw/before6.rules.20250529_114352'
Backing up 'after6.rules' to '/etc/ufw/after6.rules.20250529_114352'

Default incoming policy changed to 'deny'
(be sure to update your rules accordingly)
Default outgoing policy changed to 'allow'
(be sure to update your rules accordingly)
Rules updated
Rules updated (v6)
Rules updated
Rules updated (v6)
Rules updated
Rules updated (v6)
Firewall is active and enabled on system startup
UFW Firewall Hardening Complated.
[2025-05-29 11:43:53] ufw module completed successfully.
